<?xml version="1.0" encoding="UTF-8"?>
<!-- Generated by org.testng.reporters.JUnitReportReporter -->
<testsuite hostname="DESKTOP-6QT72H3" failures="0" tests="1" name="test.TestNG_demo" time="19.041" errors="0" timestamp="14 Mar 2022 03:47:57 GMT">
  <testcase classname="test.TestNG_demo" name="googleSearch" time="19.041"/>
</testsuite> <!-- test.TestNG_demo -->
